<?xml version="1.0" encoding="UTF-8"?>
<testsuite name="com.github.ys_ink.GraphBuilderTest" tests="7" skipped="0" failures="0" errors="0" timestamp="2019-03-04T20:36:09" hostname="DESKTOP-BU66GHI" time="0.034">
  <properties/>
  <testcase name="testDoneUsedCorrectly()" classname="com.github.ys_ink.GraphBuilderTest" time="0.025"/>
  <testcase name="graphAlreadyBuilt()" classname="com.github.ys_ink.GraphBuilderTest" time="0.001"/>
  <testcase name="simpleTest()" classname="com.github.ys_ink.GraphBuilderTest" time="0.001"/>
  <testcase name="complexNodeSetup()" classname="com.github.ys_ink.GraphBuilderTest" time="0.001"/>
  <testcase name="twoNodesTest()" classname="com.github.ys_ink.GraphBuilderTest" time="0.001"/>
  <testcase name="parentChildTest()" classname="com.github.ys_ink.GraphBuilderTest" time="0.001"/>
  <testcase name="testParentTwoChildren()" classname="com.github.ys_ink.GraphBuilderTest" time="0.0"/>
  <system-out><![CDATA[]]></system-out>
  <system-err><![CDATA[]]></system-err>
</testsuite>
