<?xml version="1.0" encoding="UTF-8"?>
<testsuite name="com.github.ys_ink.NodeAssertTest" tests="1" skipped="0" failures="0" errors="0" timestamp="2019-03-04T20:36:09" hostname="DESKTOP-BU66GHI" time="0.001">
  <properties/>
  <testcase name="nodeHasExactChildren()" classname="com.github.ys_ink.NodeAssertTest" time="0.001"/>
  <system-out><![CDATA[]]></system-out>
  <system-err><![CDATA[]]></system-err>
</testsuite>
